2024-11-25 05:32:00,664 ERROR scheduler Skipped queueing frappe.email.queue.flush because it was found in queue for newsite.localhost
2024-11-25 05:32:00,680 ERROR scheduler Skipped queueing frappe.monitor.flush because it was found in queue for newsite.localhost
2024-11-25 05:32:00,684 ERROR scheduler Skipped queueing frappe.utils.global_search.sync_global_search because it was found in queue for newsite.localhost
2024-11-25 05:32:00,729 ERROR scheduler Skipped queueing frappe.automation.doctype.reminder.reminder.send_reminders because it was found in queue for newsite.localhost
2024-11-25 05:32:00,748 ERROR scheduler Skipped queueing frappe.model.utils.link_count.update_link_count because it was found in queue for newsite.localhost
2024-11-25 05:32:00,758 ERROR scheduler Skipped queueing frappe.email.doctype.email_account.email_account.pull because it was found in queue for newsite.localhost
2024-11-25 05:32:00,774 ERROR scheduler Skipped queueing frappe.twofactor.delete_all_barcodes_for_users because it was found in queue for newsite.localhost
2024-11-25 05:32:00,795 ERROR scheduler Skipped queueing frappe.email.doctype.notification.notification.trigger_offset_alerts because it was found in queue for newsite.localhost
2024-11-25 05:32:00,803 ERROR scheduler Skipped queueing frappe.oauth.delete_oauth2_data because it was found in queue for newsite.localhost
2024-11-25 05:32:00,814 ERROR scheduler Skipped queueing frappe.website.doctype.web_page.web_page.check_publish_status because it was found in queue for newsite.localhost
2024-11-25 05:32:00,821 ERROR scheduler Skipped queueing frappe.model.utils.user_settings.sync_user_settings because it was found in queue for newsite.localhost
2024-11-25 05:32:00,832 ERROR scheduler Skipped queueing frappe.deferred_insert.save_to_db because it was found in queue for newsite.localhost
2024-11-25 05:32:00,848 ERROR scheduler Skipped queueing frappe.desk.page.backups.backups.delete_downloadable_backups because it was found in queue for newsite.localhost
2024-11-25 06:16:01,330 ERROR scheduler Skipped queueing frappe.utils.global_search.sync_global_search because it was found in queue for newsite.localhost
2024-11-25 06:16:01,453 ERROR scheduler Skipped queueing frappe.email.doctype.notification.notification.trigger_offset_alerts because it was found in queue for newsite.localhost
2024-11-25 06:32:00,429 ERROR scheduler Skipped queueing frappe.monitor.flush because it was found in queue for newsite.localhost
2024-11-25 06:32:00,466 ERROR scheduler Skipped queueing frappe.automation.doctype.reminder.reminder.send_reminders because it was found in queue for newsite.localhost
2024-11-25 06:32:00,491 ERROR scheduler Skipped queueing frappe.desk.page.backups.backups.delete_downloadable_backups because it was found in queue for newsite.localhost
2024-11-25 06:32:00,499 ERROR scheduler Skipped queueing frappe.integrations.doctype.google_calendar.google_calendar.sync because it was found in queue for newsite.localhost
2024-11-25 06:32:00,522 ERROR scheduler Skipped queueing frappe.website.doctype.web_page.web_page.check_publish_status because it was found in queue for newsite.localhost
2024-11-25 06:32:00,553 ERROR scheduler Skipped queueing frappe.model.utils.user_settings.sync_user_settings because it was found in queue for newsite.localhost
2024-11-25 06:32:00,559 ERROR scheduler Skipped queueing frappe.utils.global_search.sync_global_search because it was found in queue for newsite.localhost
2024-11-25 06:32:00,579 ERROR scheduler Skipped queueing frappe.email.doctype.notification.notification.trigger_offset_alerts because it was found in queue for newsite.localhost
2024-11-25 06:32:00,590 ERROR scheduler Skipped queueing frappe.email.doctype.email_account.email_account.pull because it was found in queue for newsite.localhost
2024-11-25 06:32:00,608 ERROR scheduler Skipped queueing frappe.oauth.delete_oauth2_data because it was found in queue for newsite.localhost
2024-11-25 06:32:00,625 ERROR scheduler Skipped queueing frappe.desk.form.document_follow.send_hourly_updates because it was found in queue for newsite.localhost
2024-11-25 06:32:00,631 ERROR scheduler Skipped queueing frappe.email.doctype.newsletter.newsletter.send_scheduled_email because it was found in queue for newsite.localhost
2024-11-25 06:32:00,636 ERROR scheduler Skipped queueing frappe.email.doctype.email_account.email_account.notify_unreplied because it was found in queue for newsite.localhost
2024-11-25 06:32:00,642 ERROR scheduler Skipped queueing frappe.twofactor.delete_all_barcodes_for_users because it was found in queue for newsite.localhost
2024-11-25 06:32:00,647 ERROR scheduler Skipped queueing frappe.model.utils.link_count.update_link_count because it was found in queue for newsite.localhost
2024-11-25 07:31:59,668 ERROR scheduler Skipped queueing frappe.model.utils.user_settings.sync_user_settings because it was found in queue for newsite.localhost
2024-11-25 07:31:59,756 ERROR scheduler Skipped queueing frappe.email.doctype.email_account.email_account.notify_unreplied because it was found in queue for newsite.localhost
2024-11-25 07:31:59,900 ERROR scheduler Skipped queueing frappe.automation.doctype.reminder.reminder.send_reminders because it was found in queue for newsite.localhost
2024-11-25 07:32:00,043 ERROR scheduler Skipped queueing frappe.website.doctype.web_page.web_page.check_publish_status because it was found in queue for newsite.localhost
2024-11-25 08:32:00,639 ERROR scheduler Skipped queueing frappe.email.doctype.newsletter.newsletter.send_scheduled_email because it was found in queue for newsite.localhost
2024-11-25 08:32:00,650 ERROR scheduler Skipped queueing frappe.email.doctype.notification.notification.trigger_offset_alerts because it was found in queue for newsite.localhost
2024-11-25 08:32:00,673 ERROR scheduler Skipped queueing frappe.model.utils.user_settings.sync_user_settings because it was found in queue for newsite.localhost
2024-11-25 08:32:00,697 ERROR scheduler Skipped queueing frappe.automation.doctype.reminder.reminder.send_reminders because it was found in queue for newsite.localhost
2024-11-25 08:32:00,709 ERROR scheduler Skipped queueing frappe.website.doctype.personal_data_deletion_request.personal_data_deletion_request.process_data_deletion_request because it was found in queue for newsite.localhost
2024-11-25 08:32:00,746 ERROR scheduler Skipped queueing frappe.utils.global_search.sync_global_search because it was found in queue for newsite.localhost
2024-11-25 08:32:00,754 ERROR scheduler Skipped queueing frappe.oauth.delete_oauth2_data because it was found in queue for newsite.localhost
2024-11-25 08:32:00,770 ERROR scheduler Skipped queueing frappe.model.utils.link_count.update_link_count because it was found in queue for newsite.localhost
2024-11-25 08:32:00,787 ERROR scheduler Skipped queueing frappe.email.doctype.email_account.email_account.notify_unreplied because it was found in queue for newsite.localhost
2024-11-25 08:32:00,809 ERROR scheduler Skipped queueing frappe.desk.page.backups.backups.delete_downloadable_backups because it was found in queue for newsite.localhost
2024-11-25 08:32:00,816 ERROR scheduler Skipped queueing frappe.monitor.flush because it was found in queue for newsite.localhost
2024-11-25 08:32:00,850 ERROR scheduler Skipped queueing frappe.twofactor.delete_all_barcodes_for_users because it was found in queue for newsite.localhost
2024-11-25 08:32:00,868 ERROR scheduler Skipped queueing frappe.website.doctype.web_page.web_page.check_publish_status because it was found in queue for newsite.localhost
2024-11-25 09:31:58,438 ERROR scheduler Skipped queueing frappe.deferred_insert.save_to_db because it was found in queue for newsite.localhost
2024-11-25 09:31:58,496 ERROR scheduler Skipped queueing frappe.automation.doctype.reminder.reminder.send_reminders because it was found in queue for newsite.localhost
2024-11-25 09:31:58,504 ERROR scheduler Skipped queueing frappe.monitor.flush because it was found in queue for newsite.localhost
2024-11-25 09:31:58,512 ERROR scheduler Skipped queueing frappe.model.utils.user_settings.sync_user_settings because it was found in queue for newsite.localhost
2024-11-25 09:31:58,531 ERROR scheduler Skipped queueing frappe.model.utils.link_count.update_link_count because it was found in queue for newsite.localhost
2024-11-25 09:31:58,541 ERROR scheduler Skipped queueing frappe.integrations.doctype.google_calendar.google_calendar.sync because it was found in queue for newsite.localhost
2024-11-25 09:31:58,551 ERROR scheduler Skipped queueing frappe.oauth.delete_oauth2_data because it was found in queue for newsite.localhost
2024-11-25 09:31:58,560 ERROR scheduler Skipped queueing frappe.utils.global_search.sync_global_search because it was found in queue for newsite.localhost
2024-11-25 09:31:58,565 ERROR scheduler Skipped queueing frappe.desk.form.document_follow.send_hourly_updates because it was found in queue for newsite.localhost
2024-11-25 09:31:58,571 ERROR scheduler Skipped queueing frappe.email.doctype.email_account.email_account.notify_unreplied because it was found in queue for newsite.localhost
2024-11-25 09:31:58,636 ERROR scheduler Skipped queueing frappe.website.doctype.personal_data_deletion_request.personal_data_deletion_request.process_data_deletion_request because it was found in queue for newsite.localhost
2024-11-25 09:31:58,657 ERROR scheduler Skipped queueing frappe.twofactor.delete_all_barcodes_for_users because it was found in queue for newsite.localhost
2024-11-25 09:32:00,998 ERROR scheduler Skipped queueing frappe.automation.doctype.reminder.reminder.send_reminders because it was found in queue for newsite.localhost
2024-11-25 09:32:01,035 ERROR scheduler Skipped queueing frappe.model.utils.user_settings.sync_user_settings because it was found in queue for newsite.localhost
2024-11-25 09:32:01,052 ERROR scheduler Skipped queueing frappe.integrations.doctype.google_calendar.google_calendar.sync because it was found in queue for newsite.localhost
2024-11-25 09:32:01,107 ERROR scheduler Skipped queueing frappe.deferred_insert.save_to_db because it was found in queue for newsite.localhost
2024-11-25 09:32:01,114 ERROR scheduler Skipped queueing frappe.oauth.delete_oauth2_data because it was found in queue for newsite.localhost
2024-11-25 09:32:01,147 ERROR scheduler Skipped queueing frappe.twofactor.delete_all_barcodes_for_users because it was found in queue for newsite.localhost
2024-11-25 09:32:01,155 ERROR scheduler Skipped queueing frappe.utils.global_search.sync_global_search because it was found in queue for newsite.localhost
2024-11-25 09:32:01,168 ERROR scheduler Skipped queueing frappe.model.utils.link_count.update_link_count because it was found in queue for newsite.localhost
2024-11-25 11:32:00,914 ERROR scheduler Skipped queueing frappe.model.utils.user_settings.sync_user_settings because it was found in queue for newsite.localhost
2024-11-25 11:32:00,957 ERROR scheduler Skipped queueing frappe.twofactor.delete_all_barcodes_for_users because it was found in queue for newsite.localhost
2024-11-26 05:39:59,388 ERROR scheduler Skipped queueing frappe.integrations.doctype.google_drive.google_drive.daily_backup because it was found in queue for newsite.localhost
2024-11-26 05:39:59,407 ERROR scheduler Skipped queueing frappe.integrations.doctype.dropbox_settings.dropbox_settings.take_backups_daily because it was found in queue for newsite.localhost
2024-11-26 05:39:59,418 ERROR scheduler Skipped queueing frappe.desk.notifications.clear_notifications because it was found in queue for newsite.localhost
2024-11-26 05:39:59,444 ERROR scheduler Skipped queueing frappe.integrations.doctype.google_contacts.google_contacts.sync because it was found in queue for newsite.localhost
2024-11-26 05:39:59,450 ERROR scheduler Skipped queueing frappe.email.doctype.email_account.email_account.notify_unreplied because it was found in queue for newsite.localhost
2024-11-26 05:39:59,459 ERROR scheduler Skipped queueing frappe.core.doctype.prepared_report.prepared_report.expire_stalled_report because it was found in queue for newsite.localhost
2024-11-26 05:39:59,482 ERROR scheduler Skipped queueing frappe.model.utils.user_settings.sync_user_settings because it was found in queue for newsite.localhost
2024-11-26 05:39:59,513 ERROR scheduler Skipped queueing frappe.website.doctype.personal_data_deletion_request.personal_data_deletion_request.remove_unverified_record because it was found in queue for newsite.localhost
2024-11-26 05:39:59,524 ERROR scheduler Skipped queueing frappe.email.doctype.newsletter.newsletter.send_scheduled_email because it was found in queue for newsite.localhost
2024-11-26 05:39:59,534 ERROR scheduler Skipped queueing frappe.email.doctype.email_account.email_account.pull because it was found in queue for newsite.localhost
2024-11-26 05:39:59,545 ERROR scheduler Skipped queueing frappe.integrations.doctype.s3_backup_settings.s3_backup_settings.take_backups_daily because it was found in queue for newsite.localhost
2024-11-26 05:39:59,554 ERROR scheduler Skipped queueing frappe.desk.form.document_follow.send_hourly_updates because it was found in queue for newsite.localhost
2024-11-26 05:39:59,560 ERROR scheduler Skipped queueing frappe.monitor.flush because it was found in queue for newsite.localhost
2024-11-26 05:39:59,574 ERROR scheduler Skipped queueing frappe.oauth.delete_oauth2_data because it was found in queue for newsite.localhost
2024-11-26 05:39:59,579 ERROR scheduler Skipped queueing frappe.social.doctype.energy_point_settings.energy_point_settings.allocate_review_points because it was found in queue for newsite.localhost
2024-11-26 05:40:00,830 ERROR scheduler Skipped queueing frappe.integrations.doctype.s3_backup_settings.s3_backup_settings.take_backups_daily because it was found in queue for newsite.localhost
2024-11-26 05:40:00,850 ERROR scheduler Skipped queueing frappe.monitor.flush because it was found in queue for newsite.localhost
2024-11-26 05:40:00,860 ERROR scheduler Skipped queueing frappe.social.doctype.energy_point_settings.energy_point_settings.allocate_review_points because it was found in queue for newsite.localhost
2024-11-26 05:40:00,870 ERROR scheduler Skipped queueing frappe.integrations.doctype.google_contacts.google_contacts.sync because it was found in queue for newsite.localhost
2024-11-26 05:40:00,876 ERROR scheduler Skipped queueing frappe.integrations.doctype.dropbox_settings.dropbox_settings.take_backups_daily because it was found in queue for newsite.localhost
2024-11-26 05:40:00,886 ERROR scheduler Skipped queueing frappe.email.doctype.newsletter.newsletter.send_scheduled_email because it was found in queue for newsite.localhost
2024-11-26 05:40:00,896 ERROR scheduler Skipped queueing frappe.integrations.doctype.google_drive.google_drive.daily_backup because it was found in queue for newsite.localhost
2024-11-26 05:40:00,920 ERROR scheduler Skipped queueing frappe.website.doctype.personal_data_deletion_request.personal_data_deletion_request.remove_unverified_record because it was found in queue for newsite.localhost
2024-11-26 05:40:00,937 ERROR scheduler Skipped queueing frappe.desk.form.document_follow.send_hourly_updates because it was found in queue for newsite.localhost
2024-11-26 05:40:00,965 ERROR scheduler Skipped queueing frappe.email.doctype.email_account.email_account.pull because it was found in queue for newsite.localhost
2024-11-26 05:40:00,976 ERROR scheduler Skipped queueing frappe.oauth.delete_oauth2_data because it was found in queue for newsite.localhost
2024-11-26 05:48:00,563 ERROR scheduler Skipped queueing frappe.email.doctype.email_account.email_account.notify_unreplied because it was found in queue for newsite.localhost
2024-11-26 05:48:00,592 ERROR scheduler Skipped queueing frappe.website.doctype.web_page.web_page.check_publish_status because it was found in queue for newsite.localhost
2024-11-26 05:48:00,663 ERROR scheduler Skipped queueing frappe.utils.global_search.sync_global_search because it was found in queue for newsite.localhost
2024-11-26 11:56:00,497 ERROR scheduler Skipped queueing frappe.monitor.flush because it was found in queue for newsite.localhost
2024-11-26 11:56:00,534 ERROR scheduler Skipped queueing frappe.email.doctype.notification.notification.trigger_offset_alerts because it was found in queue for newsite.localhost
2024-11-26 11:56:00,557 ERROR scheduler Skipped queueing frappe.email.queue.flush because it was found in queue for newsite.localhost
2024-11-26 11:56:00,583 ERROR scheduler Skipped queueing frappe.automation.doctype.reminder.reminder.send_reminders because it was found in queue for newsite.localhost
