2024-11-20 09:16:00,942 ERROR scheduler Skipped queueing frappe.utils.global_search.sync_global_search because it was found in queue for fabrixcel.localhost
2024-11-20 09:16:00,972 ERROR scheduler Skipped queueing frappe.website.doctype.web_page.web_page.check_publish_status because it was found in queue for fabrixcel.localhost
2024-11-20 09:16:00,990 ERROR scheduler Skipped queueing frappe.automation.doctype.reminder.reminder.send_reminders because it was found in queue for fabrixcel.localhost
2024-11-20 09:16:01,169 ERROR scheduler Skipped queueing frappe.monitor.flush because it was found in queue for fabrixcel.localhost
2024-11-20 09:28:00,551 ERROR scheduler Exception in Enqueue Events for Site fabrixcel.localhost
Traceback (most recent call last):
  File "/home/frappe/frappe-bench/apps/frappe/frappe/utils/scheduler.py", line 106, in enqueue_events_for_site
    if is_scheduler_inactive():
       ^^^^^^^^^^^^^^^^^^^^^^^
  File "/home/frappe/frappe-bench/apps/frappe/frappe/utils/scheduler.py", line 150, in is_scheduler_inactive
    if is_scheduler_disabled(verbose=verbose):
       ^^^^^^^^^^^^^^^^^^^^^^^^^^^^^^^^^^^^^^
  File "/home/frappe/frappe-bench/apps/frappe/frappe/utils/scheduler.py", line 163, in is_scheduler_disabled
    frappe.db.get_single_value("System Settings", "enable_scheduler")
  File "/home/frappe/frappe-bench/apps/frappe/frappe/database/database.py", line 864, in get_single_value
    ).run()
      ^^^^^
  File "/home/frappe/frappe-bench/apps/frappe/frappe/query_builder/utils.py", line 84, in execute_query
    result = frappe.db.sql(query, params, *args, **kwargs)  # nosemgrep
             ^^^^^^^^^^^^^^^^^^^^^^^^^^^^^^^^^^^^^^^^^^^^^
  File "/home/frappe/frappe-bench/apps/frappe/frappe/database/database.py", line 214, in sql
    self.connect()
  File "/home/frappe/frappe-bench/apps/frappe/frappe/database/database.py", line 119, in connect
    self._conn: "MariadbConnection" | "PostgresConnection" = self.get_connection()
                                                             ^^^^^^^^^^^^^^^^^^^^^
  File "/home/frappe/frappe-bench/apps/frappe/frappe/database/mariadb/database.py", line 107, in get_connection
    conn = self._get_connection()
           ^^^^^^^^^^^^^^^^^^^^^^
  File "/home/frappe/frappe-bench/apps/frappe/frappe/database/mariadb/database.py", line 113, in _get_connection
    return self.create_connection()
           ^^^^^^^^^^^^^^^^^^^^^^^^
  File "/home/frappe/frappe-bench/apps/frappe/frappe/database/mariadb/database.py", line 116, in create_connection
    return pymysql.connect(**self.get_connection_settings())
           ^^^^^^^^^^^^^^^^^^^^^^^^^^^^^^^^^^^^^^^^^^^^^^^^^
  File "/home/frappe/frappe-bench/env/lib/python3.11/site-packages/pymysql/connections.py", line 361, in __init__
    self.connect()
  File "/home/frappe/frappe-bench/env/lib/python3.11/site-packages/pymysql/connections.py", line 669, in connect
    self._request_authentication()
  File "/home/frappe/frappe-bench/env/lib/python3.11/site-packages/pymysql/connections.py", line 957, in _request_authentication
    auth_packet = self._read_packet()
                  ^^^^^^^^^^^^^^^^^^^
  File "/home/frappe/frappe-bench/env/lib/python3.11/site-packages/pymysql/connections.py", line 775, in _read_packet
    packet.raise_for_error()
  File "/home/frappe/frappe-bench/env/lib/python3.11/site-packages/pymysql/protocol.py", line 219, in raise_for_error
    err.raise_mysql_exception(self._data)
  File "/home/frappe/frappe-bench/env/lib/python3.11/site-packages/pymysql/err.py", line 150, in raise_mysql_exception
    raise errorclass(errno, errval)
pymysql.err.OperationalError: (1045, "Access denied for user '_99b112c57448a052'@'172.21.0.3' (using password: YES)")
2024-11-20 09:32:00,604 ERROR scheduler Exception in Enqueue Events for Site fabrixcel.localhost
Traceback (most recent call last):
  File "/home/frappe/frappe-bench/apps/frappe/frappe/utils/scheduler.py", line 106, in enqueue_events_for_site
    if is_scheduler_inactive():
       ^^^^^^^^^^^^^^^^^^^^^^^
  File "/home/frappe/frappe-bench/apps/frappe/frappe/utils/scheduler.py", line 150, in is_scheduler_inactive
    if is_scheduler_disabled(verbose=verbose):
       ^^^^^^^^^^^^^^^^^^^^^^^^^^^^^^^^^^^^^^
  File "/home/frappe/frappe-bench/apps/frappe/frappe/utils/scheduler.py", line 163, in is_scheduler_disabled
    frappe.db.get_single_value("System Settings", "enable_scheduler")
  File "/home/frappe/frappe-bench/apps/frappe/frappe/database/database.py", line 864, in get_single_value
    ).run()
      ^^^^^
  File "/home/frappe/frappe-bench/apps/frappe/frappe/query_builder/utils.py", line 84, in execute_query
    result = frappe.db.sql(query, params, *args, **kwargs)  # nosemgrep
             ^^^^^^^^^^^^^^^^^^^^^^^^^^^^^^^^^^^^^^^^^^^^^
  File "/home/frappe/frappe-bench/apps/frappe/frappe/database/database.py", line 214, in sql
    self.connect()
  File "/home/frappe/frappe-bench/apps/frappe/frappe/database/database.py", line 119, in connect
    self._conn: "MariadbConnection" | "PostgresConnection" = self.get_connection()
                                                             ^^^^^^^^^^^^^^^^^^^^^
  File "/home/frappe/frappe-bench/apps/frappe/frappe/database/mariadb/database.py", line 107, in get_connection
    conn = self._get_connection()
           ^^^^^^^^^^^^^^^^^^^^^^
  File "/home/frappe/frappe-bench/apps/frappe/frappe/database/mariadb/database.py", line 113, in _get_connection
    return self.create_connection()
           ^^^^^^^^^^^^^^^^^^^^^^^^
  File "/home/frappe/frappe-bench/apps/frappe/frappe/database/mariadb/database.py", line 116, in create_connection
    return pymysql.connect(**self.get_connection_settings())
           ^^^^^^^^^^^^^^^^^^^^^^^^^^^^^^^^^^^^^^^^^^^^^^^^^
  File "/home/frappe/frappe-bench/env/lib/python3.11/site-packages/pymysql/connections.py", line 361, in __init__
    self.connect()
  File "/home/frappe/frappe-bench/env/lib/python3.11/site-packages/pymysql/connections.py", line 669, in connect
    self._request_authentication()
  File "/home/frappe/frappe-bench/env/lib/python3.11/site-packages/pymysql/connections.py", line 957, in _request_authentication
    auth_packet = self._read_packet()
                  ^^^^^^^^^^^^^^^^^^^
  File "/home/frappe/frappe-bench/env/lib/python3.11/site-packages/pymysql/connections.py", line 775, in _read_packet
    packet.raise_for_error()
  File "/home/frappe/frappe-bench/env/lib/python3.11/site-packages/pymysql/protocol.py", line 219, in raise_for_error
    err.raise_mysql_exception(self._data)
  File "/home/frappe/frappe-bench/env/lib/python3.11/site-packages/pymysql/err.py", line 150, in raise_mysql_exception
    raise errorclass(errno, errval)
pymysql.err.OperationalError: (1045, "Access denied for user '_99b112c57448a052'@'172.21.0.3' (using password: YES)")
2024-11-20 09:36:00,611 ERROR scheduler Exception in Enqueue Events for Site fabrixcel.localhost
Traceback (most recent call last):
  File "/home/frappe/frappe-bench/apps/frappe/frappe/utils/scheduler.py", line 106, in enqueue_events_for_site
    if is_scheduler_inactive():
       ^^^^^^^^^^^^^^^^^^^^^^^
  File "/home/frappe/frappe-bench/apps/frappe/frappe/utils/scheduler.py", line 150, in is_scheduler_inactive
    if is_scheduler_disabled(verbose=verbose):
       ^^^^^^^^^^^^^^^^^^^^^^^^^^^^^^^^^^^^^^
  File "/home/frappe/frappe-bench/apps/frappe/frappe/utils/scheduler.py", line 163, in is_scheduler_disabled
    frappe.db.get_single_value("System Settings", "enable_scheduler")
  File "/home/frappe/frappe-bench/apps/frappe/frappe/database/database.py", line 864, in get_single_value
    ).run()
      ^^^^^
  File "/home/frappe/frappe-bench/apps/frappe/frappe/query_builder/utils.py", line 84, in execute_query
    result = frappe.db.sql(query, params, *args, **kwargs)  # nosemgrep
             ^^^^^^^^^^^^^^^^^^^^^^^^^^^^^^^^^^^^^^^^^^^^^
  File "/home/frappe/frappe-bench/apps/frappe/frappe/database/database.py", line 214, in sql
    self.connect()
  File "/home/frappe/frappe-bench/apps/frappe/frappe/database/database.py", line 119, in connect
    self._conn: "MariadbConnection" | "PostgresConnection" = self.get_connection()
                                                             ^^^^^^^^^^^^^^^^^^^^^
  File "/home/frappe/frappe-bench/apps/frappe/frappe/database/mariadb/database.py", line 107, in get_connection
    conn = self._get_connection()
           ^^^^^^^^^^^^^^^^^^^^^^
  File "/home/frappe/frappe-bench/apps/frappe/frappe/database/mariadb/database.py", line 113, in _get_connection
    return self.create_connection()
           ^^^^^^^^^^^^^^^^^^^^^^^^
  File "/home/frappe/frappe-bench/apps/frappe/frappe/database/mariadb/database.py", line 116, in create_connection
    return pymysql.connect(**self.get_connection_settings())
           ^^^^^^^^^^^^^^^^^^^^^^^^^^^^^^^^^^^^^^^^^^^^^^^^^
  File "/home/frappe/frappe-bench/env/lib/python3.11/site-packages/pymysql/connections.py", line 361, in __init__
    self.connect()
  File "/home/frappe/frappe-bench/env/lib/python3.11/site-packages/pymysql/connections.py", line 669, in connect
    self._request_authentication()
  File "/home/frappe/frappe-bench/env/lib/python3.11/site-packages/pymysql/connections.py", line 957, in _request_authentication
    auth_packet = self._read_packet()
                  ^^^^^^^^^^^^^^^^^^^
  File "/home/frappe/frappe-bench/env/lib/python3.11/site-packages/pymysql/connections.py", line 775, in _read_packet
    packet.raise_for_error()
  File "/home/frappe/frappe-bench/env/lib/python3.11/site-packages/pymysql/protocol.py", line 219, in raise_for_error
    err.raise_mysql_exception(self._data)
  File "/home/frappe/frappe-bench/env/lib/python3.11/site-packages/pymysql/err.py", line 150, in raise_mysql_exception
    raise errorclass(errno, errval)
pymysql.err.OperationalError: (1045, "Access denied for user '_99b112c57448a052'@'172.21.0.3' (using password: YES)")
2024-11-25 06:16:00,513 ERROR scheduler Skipped queueing frappe.oauth.delete_oauth2_data because it was found in queue for fabrixcel.localhost
2024-11-25 06:16:00,572 ERROR scheduler Skipped queueing frappe.utils.global_search.sync_global_search because it was found in queue for fabrixcel.localhost
2024-11-25 06:16:00,663 ERROR scheduler Skipped queueing frappe.email.queue.flush because it was found in queue for fabrixcel.localhost
2024-11-25 06:16:00,837 ERROR scheduler Skipped queueing frappe.automation.doctype.reminder.reminder.send_reminders because it was found in queue for fabrixcel.localhost
2024-11-25 06:16:00,876 ERROR scheduler Skipped queueing frappe.deferred_insert.save_to_db because it was found in queue for fabrixcel.localhost
2024-11-25 06:16:00,897 ERROR scheduler Skipped queueing frappe.website.doctype.web_page.web_page.check_publish_status because it was found in queue for fabrixcel.localhost
2024-11-25 06:16:01,001 ERROR scheduler Skipped queueing frappe.twofactor.delete_all_barcodes_for_users because it was found in queue for fabrixcel.localhost
2024-11-25 06:16:01,073 ERROR scheduler Skipped queueing frappe.email.doctype.email_account.email_account.notify_unreplied because it was found in queue for fabrixcel.localhost
2024-11-25 06:16:01,108 ERROR scheduler Skipped queueing frappe.email.doctype.notification.notification.trigger_offset_alerts because it was found in queue for fabrixcel.localhost
2024-11-25 06:16:01,156 ERROR scheduler Skipped queueing frappe.monitor.flush because it was found in queue for fabrixcel.localhost
2024-11-25 07:32:00,199 ERROR scheduler Skipped queueing frappe.email.queue.flush because it was found in queue for fabrixcel.localhost
2024-11-25 07:32:00,245 ERROR scheduler Skipped queueing frappe.email.doctype.email_account.email_account.notify_unreplied because it was found in queue for fabrixcel.localhost
2024-11-25 07:32:00,251 ERROR scheduler Skipped queueing frappe.utils.global_search.sync_global_search because it was found in queue for fabrixcel.localhost
2024-11-25 07:32:00,266 ERROR scheduler Skipped queueing frappe.integrations.doctype.google_calendar.google_calendar.sync because it was found in queue for fabrixcel.localhost
2024-11-25 07:32:00,311 ERROR scheduler Skipped queueing frappe.email.doctype.newsletter.newsletter.send_scheduled_email because it was found in queue for fabrixcel.localhost
2024-11-25 07:32:00,318 ERROR scheduler Skipped queueing frappe.desk.page.backups.backups.delete_downloadable_backups because it was found in queue for fabrixcel.localhost
2024-11-25 07:32:00,323 ERROR scheduler Skipped queueing frappe.deferred_insert.save_to_db because it was found in queue for fabrixcel.localhost
2024-11-25 07:32:00,333 ERROR scheduler Skipped queueing frappe.email.doctype.notification.notification.trigger_offset_alerts because it was found in queue for fabrixcel.localhost
2024-11-25 07:32:00,338 ERROR scheduler Skipped queueing frappe.email.doctype.email_account.email_account.pull because it was found in queue for fabrixcel.localhost
2024-11-25 07:32:00,348 ERROR scheduler Skipped queueing frappe.website.doctype.web_page.web_page.check_publish_status because it was found in queue for fabrixcel.localhost
2024-11-25 07:32:00,386 ERROR scheduler Skipped queueing frappe.model.utils.link_count.update_link_count because it was found in queue for fabrixcel.localhost
2024-11-25 07:32:00,391 ERROR scheduler Skipped queueing frappe.model.utils.user_settings.sync_user_settings because it was found in queue for fabrixcel.localhost
2024-11-25 07:32:00,417 ERROR scheduler Skipped queueing frappe.monitor.flush because it was found in queue for fabrixcel.localhost
2024-11-25 07:32:00,426 ERROR scheduler Skipped queueing frappe.website.doctype.personal_data_deletion_request.personal_data_deletion_request.process_data_deletion_request because it was found in queue for fabrixcel.localhost
2024-11-25 07:32:00,439 ERROR scheduler Skipped queueing frappe.automation.doctype.reminder.reminder.send_reminders because it was found in queue for fabrixcel.localhost
2024-11-25 07:32:00,444 ERROR scheduler Skipped queueing frappe.twofactor.delete_all_barcodes_for_users because it was found in queue for fabrixcel.localhost
2024-11-25 07:32:00,456 ERROR scheduler Skipped queueing frappe.oauth.delete_oauth2_data because it was found in queue for fabrixcel.localhost
2024-11-25 07:32:00,470 ERROR scheduler Skipped queueing frappe.desk.form.document_follow.send_hourly_updates because it was found in queue for fabrixcel.localhost
2024-11-25 12:31:59,224 ERROR scheduler Skipped queueing frappe.email.queue.flush because it was found in queue for fabrixcel.localhost
2024-11-25 12:31:59,233 ERROR scheduler Skipped queueing frappe.model.utils.link_count.update_link_count because it was found in queue for fabrixcel.localhost
2024-11-25 12:31:59,252 ERROR scheduler Skipped queueing frappe.twofactor.delete_all_barcodes_for_users because it was found in queue for fabrixcel.localhost
2024-11-25 12:31:59,319 ERROR scheduler Skipped queueing frappe.email.doctype.newsletter.newsletter.send_scheduled_email because it was found in queue for fabrixcel.localhost
2024-11-25 12:31:59,353 ERROR scheduler Skipped queueing frappe.utils.global_search.sync_global_search because it was found in queue for fabrixcel.localhost
2024-11-25 12:32:00,810 ERROR scheduler Skipped queueing frappe.model.utils.link_count.update_link_count because it was found in queue for fabrixcel.localhost
2024-11-25 12:32:00,869 ERROR scheduler Skipped queueing frappe.utils.global_search.sync_global_search because it was found in queue for fabrixcel.localhost
2024-11-25 12:32:00,966 ERROR scheduler Skipped queueing frappe.email.doctype.newsletter.newsletter.send_scheduled_email because it was found in queue for fabrixcel.localhost
2024-11-26 05:39:59,611 ERROR scheduler Skipped queueing frappe.email.doctype.notification.notification.trigger_offset_alerts because it was found in queue for fabrixcel.localhost
2024-11-26 05:39:59,619 ERROR scheduler Skipped queueing frappe.desk.form.document_follow.send_daily_updates because it was found in queue for fabrixcel.localhost
2024-11-26 05:39:59,628 ERROR scheduler Skipped queueing frappe.model.utils.link_count.update_link_count because it was found in queue for fabrixcel.localhost
2024-11-26 05:39:59,635 ERROR scheduler Skipped queueing frappe.sessions.clear_expired_sessions because it was found in queue for fabrixcel.localhost
2024-11-26 05:39:59,640 ERROR scheduler Skipped queueing frappe.desk.page.backups.backups.delete_downloadable_backups because it was found in queue for fabrixcel.localhost
2024-11-26 05:39:59,649 ERROR scheduler Skipped queueing frappe.automation.doctype.reminder.reminder.send_reminders because it was found in queue for fabrixcel.localhost
2024-11-26 05:39:59,659 ERROR scheduler Skipped queueing frappe.email.doctype.email_account.email_account.notify_unreplied because it was found in queue for fabrixcel.localhost
2024-11-26 05:39:59,664 ERROR scheduler Skipped queueing frappe.integrations.doctype.dropbox_settings.dropbox_settings.take_backups_daily because it was found in queue for fabrixcel.localhost
2024-11-26 05:39:59,668 ERROR scheduler Skipped queueing frappe.automation.doctype.auto_repeat.auto_repeat.set_auto_repeat_as_completed because it was found in queue for fabrixcel.localhost
2024-11-26 05:39:59,672 ERROR scheduler Skipped queueing frappe.social.doctype.energy_point_settings.energy_point_settings.allocate_review_points because it was found in queue for fabrixcel.localhost
2024-11-26 05:39:59,677 ERROR scheduler Skipped queueing frappe.email.doctype.email_account.email_account.pull because it was found in queue for fabrixcel.localhost
2024-11-26 05:39:59,682 ERROR scheduler Skipped queueing frappe.model.utils.user_settings.sync_user_settings because it was found in queue for fabrixcel.localhost
2024-11-26 05:39:59,688 ERROR scheduler Skipped queueing frappe.automation.doctype.auto_repeat.auto_repeat.make_auto_repeat_entry because it was found in queue for fabrixcel.localhost
2024-11-26 05:39:59,692 ERROR scheduler Skipped queueing frappe.utils.global_search.sync_global_search because it was found in queue for fabrixcel.localhost
2024-11-26 05:39:59,696 ERROR scheduler Skipped queueing frappe.core.doctype.log_settings.log_settings.run_log_clean_up because it was found in queue for fabrixcel.localhost
2024-11-26 05:39:59,700 ERROR scheduler Skipped queueing frappe.monitor.flush because it was found in queue for fabrixcel.localhost
2024-11-26 05:39:59,704 ERROR scheduler Skipped queueing frappe.email.doctype.notification.notification.trigger_daily_alerts because it was found in queue for fabrixcel.localhost
2024-11-26 05:39:59,709 ERROR scheduler Skipped queueing frappe.email.doctype.newsletter.newsletter.send_scheduled_email because it was found in queue for fabrixcel.localhost
2024-11-26 05:39:59,713 ERROR scheduler Skipped queueing frappe.twofactor.delete_all_barcodes_for_users because it was found in queue for fabrixcel.localhost
2024-11-26 05:39:59,719 ERROR scheduler Skipped queueing frappe.desk.form.document_follow.send_hourly_updates because it was found in queue for fabrixcel.localhost
2024-11-26 05:39:59,724 ERROR scheduler Skipped queueing frappe.website.doctype.web_page.web_page.check_publish_status because it was found in queue for fabrixcel.localhost
2024-11-26 05:39:59,728 ERROR scheduler Skipped queueing frappe.email.queue.flush because it was found in queue for fabrixcel.localhost
2024-11-26 05:39:59,732 ERROR scheduler Skipped queueing frappe.core.doctype.prepared_report.prepared_report.expire_stalled_report because it was found in queue for fabrixcel.localhost
2024-11-26 05:39:59,736 ERROR scheduler Skipped queueing frappe.deferred_insert.save_to_db because it was found in queue for fabrixcel.localhost
2024-11-26 05:39:59,741 ERROR scheduler Skipped queueing frappe.integrations.doctype.google_drive.google_drive.daily_backup because it was found in queue for fabrixcel.localhost
2024-11-26 05:39:59,748 ERROR scheduler Skipped queueing frappe.integrations.doctype.s3_backup_settings.s3_backup_settings.take_backups_daily because it was found in queue for fabrixcel.localhost
2024-11-26 05:39:59,753 ERROR scheduler Skipped queueing frappe.desk.doctype.event.event.send_event_digest because it was found in queue for fabrixcel.localhost
2024-11-26 05:39:59,757 ERROR scheduler Skipped queueing frappe.oauth.delete_oauth2_data because it was found in queue for fabrixcel.localhost
2024-11-26 05:39:59,761 ERROR scheduler Skipped queueing frappe.integrations.doctype.google_calendar.google_calendar.sync because it was found in queue for fabrixcel.localhost
2024-11-26 05:39:59,766 ERROR scheduler Skipped queueing frappe.integrations.doctype.google_contacts.google_contacts.sync because it was found in queue for fabrixcel.localhost
2024-11-26 05:39:59,770 ERROR scheduler Skipped queueing frappe.desk.notifications.clear_notifications because it was found in queue for fabrixcel.localhost
2024-11-26 05:39:59,780 ERROR scheduler Skipped queueing frappe.website.doctype.personal_data_deletion_request.personal_data_deletion_request.process_data_deletion_request because it was found in queue for fabrixcel.localhost
2024-11-26 05:39:59,785 ERROR scheduler Skipped queueing frappe.website.doctype.personal_data_deletion_request.personal_data_deletion_request.remove_unverified_record because it was found in queue for fabrixcel.localhost
2024-11-26 05:39:59,792 ERROR scheduler Skipped queueing frappe.email.doctype.auto_email_report.auto_email_report.send_daily because it was found in queue for fabrixcel.localhost
2024-11-26 05:40:01,016 ERROR scheduler Skipped queueing frappe.email.doctype.notification.notification.trigger_daily_alerts because it was found in queue for fabrixcel.localhost
2024-11-26 05:40:01,021 ERROR scheduler Skipped queueing frappe.website.doctype.personal_data_deletion_request.personal_data_deletion_request.process_data_deletion_request because it was found in queue for fabrixcel.localhost
2024-11-26 05:40:01,026 ERROR scheduler Skipped queueing frappe.oauth.delete_oauth2_data because it was found in queue for fabrixcel.localhost
2024-11-26 05:40:01,031 ERROR scheduler Skipped queueing frappe.integrations.doctype.google_contacts.google_contacts.sync because it was found in queue for fabrixcel.localhost
2024-11-26 05:40:01,036 ERROR scheduler Skipped queueing frappe.core.doctype.prepared_report.prepared_report.expire_stalled_report because it was found in queue for fabrixcel.localhost
2024-11-26 05:40:01,042 ERROR scheduler Skipped queueing frappe.integrations.doctype.google_drive.google_drive.daily_backup because it was found in queue for fabrixcel.localhost
2024-11-26 05:40:01,058 ERROR scheduler Skipped queueing frappe.sessions.clear_expired_sessions because it was found in queue for fabrixcel.localhost
2024-11-26 05:40:01,064 ERROR scheduler Skipped queueing frappe.website.doctype.personal_data_deletion_request.personal_data_deletion_request.remove_unverified_record because it was found in queue for fabrixcel.localhost
2024-11-26 05:40:01,069 ERROR scheduler Skipped queueing frappe.integrations.doctype.dropbox_settings.dropbox_settings.take_backups_daily because it was found in queue for fabrixcel.localhost
2024-11-26 05:40:01,073 ERROR scheduler Skipped queueing frappe.model.utils.link_count.update_link_count because it was found in queue for fabrixcel.localhost
2024-11-26 05:40:01,078 ERROR scheduler Skipped queueing frappe.email.doctype.email_account.email_account.notify_unreplied because it was found in queue for fabrixcel.localhost
2024-11-26 05:40:01,083 ERROR scheduler Skipped queueing frappe.email.queue.flush because it was found in queue for fabrixcel.localhost
2024-11-26 05:40:01,091 ERROR scheduler Skipped queueing frappe.monitor.flush because it was found in queue for fabrixcel.localhost
2024-11-26 05:40:01,095 ERROR scheduler Skipped queueing frappe.desk.page.backups.backups.delete_downloadable_backups because it was found in queue for fabrixcel.localhost
2024-11-26 05:40:01,100 ERROR scheduler Skipped queueing frappe.automation.doctype.auto_repeat.auto_repeat.set_auto_repeat_as_completed because it was found in queue for fabrixcel.localhost
2024-11-26 05:40:01,105 ERROR scheduler Skipped queueing frappe.core.doctype.log_settings.log_settings.run_log_clean_up because it was found in queue for fabrixcel.localhost
2024-11-26 05:40:01,113 ERROR scheduler Skipped queueing frappe.utils.global_search.sync_global_search because it was found in queue for fabrixcel.localhost
2024-11-26 05:40:01,117 ERROR scheduler Skipped queueing frappe.email.doctype.notification.notification.trigger_offset_alerts because it was found in queue for fabrixcel.localhost
2024-11-26 05:40:01,126 ERROR scheduler Skipped queueing frappe.email.doctype.newsletter.newsletter.send_scheduled_email because it was found in queue for fabrixcel.localhost
2024-11-26 05:40:01,130 ERROR scheduler Skipped queueing frappe.website.doctype.web_page.web_page.check_publish_status because it was found in queue for fabrixcel.localhost
2024-11-26 05:40:01,137 ERROR scheduler Skipped queueing frappe.integrations.doctype.google_calendar.google_calendar.sync because it was found in queue for fabrixcel.localhost
2024-11-26 05:40:01,143 ERROR scheduler Skipped queueing frappe.model.utils.user_settings.sync_user_settings because it was found in queue for fabrixcel.localhost
2024-11-26 05:40:01,149 ERROR scheduler Skipped queueing frappe.desk.form.document_follow.send_hourly_updates because it was found in queue for fabrixcel.localhost
2024-11-26 05:40:01,155 ERROR scheduler Skipped queueing frappe.desk.doctype.event.event.send_event_digest because it was found in queue for fabrixcel.localhost
2024-11-26 05:40:01,162 ERROR scheduler Skipped queueing frappe.automation.doctype.auto_repeat.auto_repeat.make_auto_repeat_entry because it was found in queue for fabrixcel.localhost
2024-11-26 05:40:01,168 ERROR scheduler Skipped queueing frappe.deferred_insert.save_to_db because it was found in queue for fabrixcel.localhost
2024-11-26 05:40:01,173 ERROR scheduler Skipped queueing frappe.twofactor.delete_all_barcodes_for_users because it was found in queue for fabrixcel.localhost
2024-11-26 05:40:01,179 ERROR scheduler Skipped queueing frappe.desk.notifications.clear_notifications because it was found in queue for fabrixcel.localhost
2024-11-26 05:40:01,184 ERROR scheduler Skipped queueing frappe.desk.form.document_follow.send_daily_updates because it was found in queue for fabrixcel.localhost
2024-11-26 05:40:01,188 ERROR scheduler Skipped queueing frappe.email.doctype.email_account.email_account.pull because it was found in queue for fabrixcel.localhost
2024-11-26 05:40:01,192 ERROR scheduler Skipped queueing frappe.email.doctype.auto_email_report.auto_email_report.send_daily because it was found in queue for fabrixcel.localhost
2024-11-26 05:40:01,196 ERROR scheduler Skipped queueing frappe.integrations.doctype.s3_backup_settings.s3_backup_settings.take_backups_daily because it was found in queue for fabrixcel.localhost
2024-11-26 05:40:01,207 ERROR scheduler Skipped queueing frappe.automation.doctype.reminder.reminder.send_reminders because it was found in queue for fabrixcel.localhost
2024-11-26 05:40:01,214 ERROR scheduler Skipped queueing frappe.social.doctype.energy_point_settings.energy_point_settings.allocate_review_points because it was found in queue for fabrixcel.localhost
2024-11-26 05:56:00,614 ERROR scheduler Skipped queueing frappe.email.doctype.notification.notification.trigger_offset_alerts because it was found in queue for fabrixcel.localhost
2024-11-26 05:56:00,648 ERROR scheduler Skipped queueing frappe.automation.doctype.reminder.reminder.send_reminders because it was found in queue for fabrixcel.localhost
2024-11-26 05:56:00,671 ERROR scheduler Skipped queueing frappe.monitor.flush because it was found in queue for fabrixcel.localhost
2024-11-26 05:56:00,875 ERROR scheduler Skipped queueing frappe.email.queue.flush because it was found in queue for fabrixcel.localhost
2024-11-26 11:56:00,800 ERROR scheduler Skipped queueing frappe.email.doctype.notification.notification.trigger_offset_alerts because it was found in queue for fabrixcel.localhost
