2024-11-22 08:11:48,681 WARNING database DDL Query made to DB:
alter table `tabContractor Labor  Type Table` add column if not exists parent varchar(140)
2024-11-22 08:11:48,695 WARNING database DDL Query made to DB:
alter table `tabContractor Labor  Type Table` add column if not exists parenttype varchar(140)
2024-11-22 08:11:48,697 WARNING database DDL Query made to DB:
alter table `tabContractor Labor  Type Table` add column if not exists parentfield varchar(140)
2024-11-22 08:11:48,827 WARNING database DDL Query made to DB:
ALTER TABLE `tabContractor Labor  Type Table` ADD COLUMN `name1` varchar(140), ADD COLUMN `weight` varchar(140)
2024-11-22 08:12:33,993 WARNING database DDL Query made to DB:
alter table `tabContractor  Paint Type Table` add column if not exists parent varchar(140)
2024-11-22 08:12:34,011 WARNING database DDL Query made to DB:
alter table `tabContractor  Paint Type Table` add column if not exists parenttype varchar(140)
2024-11-22 08:12:34,027 WARNING database DDL Query made to DB:
alter table `tabContractor  Paint Type Table` add column if not exists parentfield varchar(140)
2024-11-22 08:13:21,969 WARNING database DDL Query made to DB:
alter table `tabContractor Labor  Type Table` add column if not exists parent varchar(140)
2024-11-22 08:13:21,971 WARNING database DDL Query made to DB:
alter table `tabContractor Labor  Type Table` add column if not exists parenttype varchar(140)
2024-11-22 08:13:21,972 WARNING database DDL Query made to DB:
alter table `tabContractor Labor  Type Table` add column if not exists parentfield varchar(140)
2024-11-22 08:13:55,016 WARNING database DDL Query made to DB:
alter table `tabContractor  Paint Type Table` add column if not exists parent varchar(140)
2024-11-22 08:13:55,017 WARNING database DDL Query made to DB:
alter table `tabContractor  Paint Type Table` add column if not exists parenttype varchar(140)
2024-11-22 08:13:55,018 WARNING database DDL Query made to DB:
alter table `tabContractor  Paint Type Table` add column if not exists parentfield varchar(140)
2024-11-22 08:17:07,636 WARNING database DDL Query made to DB:
ALTER TABLE `tabProject` MODIFY `po_no` decimal(21,9) NOT NULL DEFAULT 0.0, MODIFY `total_sum` decimal(21,9) NOT NULL DEFAULT 0.0, MODIFY `po_rate` decimal(21,9) NOT NULL DEFAULT 0.0, MODIFY `karod_value` decimal(21,9) NOT NULL DEFAULT 0.0, MODIFY `amount_sum` decimal(21,9) NOT NULL DEFAULT 0.0, MODIFY `po_quantity` decimal(21,9) NOT NULL DEFAULT 0.0, MODIFY `metric_tons_value` decimal(21,9) NOT NULL DEFAULT 0.0
2024-11-22 08:17:25,349 WARNING database DDL Query made to DB:
alter table `tabContractor Fabric Type Table` add column if not exists parent varchar(140)
2024-11-22 08:17:25,351 WARNING database DDL Query made to DB:
alter table `tabContractor Fabric Type Table` add column if not exists parenttype varchar(140)
2024-11-22 08:17:25,353 WARNING database DDL Query made to DB:
alter table `tabContractor Fabric Type Table` add column if not exists parentfield varchar(140)
2024-11-22 08:17:25,537 WARNING database DDL Query made to DB:
ALTER TABLE `tabContractor Fabric Type Table` ADD COLUMN `weight` varchar(140)
2024-11-22 08:17:55,841 WARNING database DDL Query made to DB:
ALTER TABLE `tabProject` MODIFY `total_sum` decimal(21,9) NOT NULL DEFAULT 0.0, MODIFY `po_no` decimal(21,9) NOT NULL DEFAULT 0.0, MODIFY `po_rate` decimal(21,9) NOT NULL DEFAULT 0.0, MODIFY `karod_value` decimal(21,9) NOT NULL DEFAULT 0.0, MODIFY `metric_tons_value` decimal(21,9) NOT NULL DEFAULT 0.0, MODIFY `po_quantity` decimal(21,9) NOT NULL DEFAULT 0.0, MODIFY `amount_sum` decimal(21,9) NOT NULL DEFAULT 0.0
2024-11-22 10:42:48,591 WARNING database DDL Query made to DB:
alter table `tabContractor Labor  Type Table` add column if not exists parent varchar(140)
2024-11-22 10:42:48,594 WARNING database DDL Query made to DB:
alter table `tabContractor Labor  Type Table` add column if not exists parenttype varchar(140)
2024-11-22 10:42:48,595 WARNING database DDL Query made to DB:
alter table `tabContractor Labor  Type Table` add column if not exists parentfield varchar(140)
2024-11-22 10:43:37,884 WARNING database DDL Query made to DB:
alter table `tabContractor  Paint Type Table` add column if not exists parent varchar(140)
2024-11-22 10:43:37,885 WARNING database DDL Query made to DB:
alter table `tabContractor  Paint Type Table` add column if not exists parenttype varchar(140)
2024-11-22 10:43:37,888 WARNING database DDL Query made to DB:
alter table `tabContractor  Paint Type Table` add column if not exists parentfield varchar(140)
2024-11-22 10:46:29,176 WARNING database DDL Query made to DB:
alter table `tabDocType` add column if not exists migration_hash varchar(140)
2024-11-22 10:46:32,557 WARNING database DDL Query made to DB:
ALTER TABLE `tabChild Project Received` MODIFY `amount` decimal(21,9) NOT NULL DEFAULT 0.0
2024-11-22 10:46:32,953 WARNING database DDL Query made to DB:
ALTER TABLE `tabProject` MODIFY `po_no` decimal(21,9) NOT NULL DEFAULT 0.0, MODIFY `karod_value` decimal(21,9) NOT NULL DEFAULT 0.0, MODIFY `metric_tons_value` decimal(21,9) NOT NULL DEFAULT 0.0, MODIFY `po_rate` decimal(21,9) NOT NULL DEFAULT 0.0, MODIFY `total_sum` decimal(21,9) NOT NULL DEFAULT 0.0, MODIFY `po_quantity` decimal(21,9) NOT NULL DEFAULT 0.0, MODIFY `amount_sum` decimal(21,9) NOT NULL DEFAULT 0.0
2024-11-22 10:46:33,378 WARNING database DDL Query made to DB:
ALTER TABLE `tabProject Drawing table` MODIFY `rate` decimal(21,9) NOT NULL DEFAULT 0.0, MODIFY `drawing_no` decimal(21,9) NOT NULL DEFAULT 0.0, MODIFY `total` decimal(21,9) NOT NULL DEFAULT 0.0, MODIFY `nos__quantity_dwg` decimal(21,9) NOT NULL DEFAULT 0.0, MODIFY `drawing_weight` decimal(21,9) NOT NULL DEFAULT 0.0, MODIFY `amount` decimal(21,9) NOT NULL DEFAULT 0.0
2024-11-22 10:50:33,093 WARNING database DDL Query made to DB:
alter table `tabDocType` add column if not exists migration_hash varchar(140)
2024-11-22 10:52:06,735 WARNING database DDL Query made to DB:
alter table `tabContractor Fabric Type Table` add column if not exists parent varchar(140)
2024-11-22 10:52:06,738 WARNING database DDL Query made to DB:
alter table `tabContractor Fabric Type Table` add column if not exists parenttype varchar(140)
2024-11-22 10:52:06,741 WARNING database DDL Query made to DB:
alter table `tabContractor Fabric Type Table` add column if not exists parentfield varchar(140)
2024-11-22 10:52:40,374 WARNING database DDL Query made to DB:
alter table `tabContractor Fabric Type Table` add column if not exists parent varchar(140)
2024-11-22 10:52:40,376 WARNING database DDL Query made to DB:
alter table `tabContractor Fabric Type Table` add column if not exists parenttype varchar(140)
2024-11-22 10:52:40,380 WARNING database DDL Query made to DB:
alter table `tabContractor Fabric Type Table` add column if not exists parentfield varchar(140)
2024-11-23 06:02:54,708 WARNING database DDL Query made to DB:
ALTER TABLE `tabProject` MODIFY `po_no` decimal(21,9) NOT NULL DEFAULT 0.0, MODIFY `karod_value` decimal(21,9) NOT NULL DEFAULT 0.0, MODIFY `po_quantity` decimal(21,9) NOT NULL DEFAULT 0.0, MODIFY `total_sum` decimal(21,9) NOT NULL DEFAULT 0.0, MODIFY `metric_tons_value` decimal(21,9) NOT NULL DEFAULT 0.0, MODIFY `amount_sum` decimal(21,9) NOT NULL DEFAULT 0.0, MODIFY `po_rate` decimal(21,9) NOT NULL DEFAULT 0.0
2024-11-23 06:20:51,130 WARNING database DDL Query made to DB:
alter table `tabDocType` add column if not exists migration_hash varchar(140)
2024-11-23 06:20:54,610 WARNING database DDL Query made to DB:
ALTER TABLE `tabProject` MODIFY `metric_tons_value` decimal(21,9) NOT NULL DEFAULT 0.0, MODIFY `karod_value` decimal(21,9) NOT NULL DEFAULT 0.0, MODIFY `po_quantity` decimal(21,9) NOT NULL DEFAULT 0.0, MODIFY `amount_sum` decimal(21,9) NOT NULL DEFAULT 0.0, MODIFY `total_sum` decimal(21,9) NOT NULL DEFAULT 0.0, MODIFY `po_rate` decimal(21,9) NOT NULL DEFAULT 0.0, MODIFY `po_no` decimal(21,9) NOT NULL DEFAULT 0.0
2024-11-23 06:46:52,069 WARNING database DDL Query made to DB:
alter table `tabDocType` add column if not exists migration_hash varchar(140)
2024-11-23 07:01:18,787 WARNING database DDL Query made to DB:
alter table `tabDocType` add column if not exists migration_hash varchar(140)
2024-11-23 07:29:14,337 WARNING database DDL Query made to DB:
alter table `tabDocType` add column if not exists migration_hash varchar(140)
2024-11-23 07:38:17,115 WARNING database DDL Query made to DB:
alter table `tabContractor Fabric Type Table` add column if not exists parent varchar(140)
2024-11-23 07:38:17,117 WARNING database DDL Query made to DB:
alter table `tabContractor Fabric Type Table` add column if not exists parenttype varchar(140)
2024-11-23 07:38:17,119 WARNING database DDL Query made to DB:
alter table `tabContractor Fabric Type Table` add column if not exists parentfield varchar(140)
2024-11-23 07:43:48,407 WARNING database DDL Query made to DB:
ALTER TABLE `tabProject` MODIFY `metric_tons_value` decimal(21,9) NOT NULL DEFAULT 0.0, MODIFY `po_no` decimal(21,9) NOT NULL DEFAULT 0.0, MODIFY `karod_value` decimal(21,9) NOT NULL DEFAULT 0.0, MODIFY `po_rate` decimal(21,9) NOT NULL DEFAULT 0.0, MODIFY `po_quantity` decimal(21,9) NOT NULL DEFAULT 0.0, MODIFY `total_sum` decimal(21,9) NOT NULL DEFAULT 0.0, MODIFY `amount_sum` decimal(21,9) NOT NULL DEFAULT 0.0
2024-11-23 07:47:37,825 WARNING database DDL Query made to DB:
ALTER TABLE `tabProject` MODIFY `karod_value` decimal(21,9) NOT NULL DEFAULT 0.0, MODIFY `total_sum` decimal(21,9) NOT NULL DEFAULT 0.0, MODIFY `po_quantity` decimal(21,9) NOT NULL DEFAULT 0.0, MODIFY `metric_tons_value` decimal(21,9) NOT NULL DEFAULT 0.0, MODIFY `amount_sum` decimal(21,9) NOT NULL DEFAULT 0.0, MODIFY `po_rate` decimal(21,9) NOT NULL DEFAULT 0.0, MODIFY `po_no` decimal(21,9) NOT NULL DEFAULT 0.0
2024-11-23 08:06:37,218 WARNING database DDL Query made to DB:
alter table `tabDocType` add column if not exists migration_hash varchar(140)
2024-11-23 08:06:40,580 WARNING database DDL Query made to DB:
ALTER TABLE `tabProject` MODIFY `total_sum` decimal(21,9) NOT NULL DEFAULT 0.0, MODIFY `metric_tons_value` decimal(21,9) NOT NULL DEFAULT 0.0, MODIFY `po_rate` decimal(21,9) NOT NULL DEFAULT 0.0, MODIFY `po_no` decimal(21,9) NOT NULL DEFAULT 0.0, MODIFY `po_quantity` decimal(21,9) NOT NULL DEFAULT 0.0, MODIFY `amount_sum` decimal(21,9) NOT NULL DEFAULT 0.0, MODIFY `karod_value` decimal(21,9) NOT NULL DEFAULT 0.0
2024-11-23 08:07:38,204 WARNING database DDL Query made to DB:
alter table `tabDocType` add column if not exists migration_hash varchar(140)
2024-11-23 08:18:27,962 WARNING database DDL Query made to DB:
alter table `tabDocType` add column if not exists migration_hash varchar(140)
2024-11-23 09:35:41,859 WARNING database DDL Query made to DB:
alter table `tabDocType` add column if not exists migration_hash varchar(140)
2024-11-23 09:55:30,476 WARNING database DDL Query made to DB:
alter table `tabContractor Fabric Type Table` add column if not exists parent varchar(140)
2024-11-23 09:55:30,484 WARNING database DDL Query made to DB:
alter table `tabContractor Fabric Type Table` add column if not exists parenttype varchar(140)
2024-11-23 09:55:30,485 WARNING database DDL Query made to DB:
alter table `tabContractor Fabric Type Table` add column if not exists parentfield varchar(140)
2024-11-23 09:55:51,634 WARNING database DDL Query made to DB:
alter table `tabDocType` add column if not exists migration_hash varchar(140)
2024-11-23 09:56:13,884 WARNING database DDL Query made to DB:
alter table `tabDocType` add column if not exists migration_hash varchar(140)
2024-11-23 09:57:53,091 WARNING database DDL Query made to DB:
alter table `tabContractor Fabric Type Table` add column if not exists parent varchar(140)
2024-11-23 09:57:53,092 WARNING database DDL Query made to DB:
alter table `tabContractor Fabric Type Table` add column if not exists parenttype varchar(140)
2024-11-23 09:57:53,093 WARNING database DDL Query made to DB:
alter table `tabContractor Fabric Type Table` add column if not exists parentfield varchar(140)
2024-11-23 09:57:53,297 WARNING database DDL Query made to DB:
ALTER TABLE `tabContractor Fabric Type Table` ADD COLUMN `contractor_name` varchar(140)
2024-11-23 10:00:50,622 WARNING database DDL Query made to DB:
alter table `tabContractor  Paint Type Table` add column if not exists parent varchar(140)
2024-11-23 10:00:50,624 WARNING database DDL Query made to DB:
alter table `tabContractor  Paint Type Table` add column if not exists parenttype varchar(140)
2024-11-23 10:00:50,625 WARNING database DDL Query made to DB:
alter table `tabContractor  Paint Type Table` add column if not exists parentfield varchar(140)
2024-11-23 10:00:50,737 WARNING database DDL Query made to DB:
ALTER TABLE `tabContractor  Paint Type Table` ADD COLUMN `contractor_name` varchar(140)
2024-11-23 10:01:02,175 WARNING database DDL Query made to DB:
alter table `tabContractor Labor  Type Table` add column if not exists parent varchar(140)
2024-11-23 10:01:02,180 WARNING database DDL Query made to DB:
alter table `tabContractor Labor  Type Table` add column if not exists parenttype varchar(140)
2024-11-23 10:01:02,182 WARNING database DDL Query made to DB:
alter table `tabContractor Labor  Type Table` add column if not exists parentfield varchar(140)
2024-11-23 10:01:02,401 WARNING database DDL Query made to DB:
ALTER TABLE `tabContractor Labor  Type Table` ADD COLUMN `contractor_name` varchar(140)
2024-11-23 10:01:12,169 WARNING database DDL Query made to DB:
alter table `tabDocType` add column if not exists migration_hash varchar(140)
2024-11-23 10:07:36,201 WARNING database DDL Query made to DB:
ALTER TABLE `tabProject` MODIFY `amount_sum` decimal(21,9) NOT NULL DEFAULT 0.0, MODIFY `total_sum` decimal(21,9) NOT NULL DEFAULT 0.0, MODIFY `po_no` decimal(21,9) NOT NULL DEFAULT 0.0, MODIFY `po_quantity` decimal(21,9) NOT NULL DEFAULT 0.0, MODIFY `karod_value` decimal(21,9) NOT NULL DEFAULT 0.0, MODIFY `metric_tons_value` decimal(21,9) NOT NULL DEFAULT 0.0, MODIFY `po_rate` decimal(21,9) NOT NULL DEFAULT 0.0
2024-11-23 10:07:36,524 WARNING database DDL Query made to DB:
RENAME TABLE `tabContractor Labor  Type Table` TO `tabContractor Labor Type Table`
2024-11-23 10:08:04,731 WARNING database DDL Query made to DB:
ALTER TABLE `tabProject` MODIFY `po_quantity` decimal(21,9) NOT NULL DEFAULT 0.0, MODIFY `karod_value` decimal(21,9) NOT NULL DEFAULT 0.0, MODIFY `po_rate` decimal(21,9) NOT NULL DEFAULT 0.0, MODIFY `total_sum` decimal(21,9) NOT NULL DEFAULT 0.0, MODIFY `amount_sum` decimal(21,9) NOT NULL DEFAULT 0.0, MODIFY `po_no` decimal(21,9) NOT NULL DEFAULT 0.0, MODIFY `metric_tons_value` decimal(21,9) NOT NULL DEFAULT 0.0
2024-11-23 10:14:55,920 WARNING database DDL Query made to DB:
alter table `tabDocType` add column if not exists migration_hash varchar(140)
2024-11-23 10:14:59,144 WARNING database DDL Query made to DB:
ALTER TABLE `tabProject` MODIFY `po_quantity` decimal(21,9) NOT NULL DEFAULT 0.0, MODIFY `po_no` decimal(21,9) NOT NULL DEFAULT 0.0, MODIFY `po_rate` decimal(21,9) NOT NULL DEFAULT 0.0, MODIFY `total_sum` decimal(21,9) NOT NULL DEFAULT 0.0, MODIFY `karod_value` decimal(21,9) NOT NULL DEFAULT 0.0, MODIFY `metric_tons_value` decimal(21,9) NOT NULL DEFAULT 0.0, MODIFY `amount_sum` decimal(21,9) NOT NULL DEFAULT 0.0
2024-11-23 10:17:32,466 WARNING database DDL Query made to DB:
alter table `tabProject Drawing table` add column if not exists parent varchar(140)
2024-11-23 10:17:32,468 WARNING database DDL Query made to DB:
alter table `tabProject Drawing table` add column if not exists parenttype varchar(140)
2024-11-23 10:17:32,473 WARNING database DDL Query made to DB:
alter table `tabProject Drawing table` add column if not exists parentfield varchar(140)
2024-11-23 10:17:32,648 WARNING database DDL Query made to DB:
ALTER TABLE `tabProject Drawing table` MODIFY `total` decimal(21,9) NOT NULL DEFAULT 0.0, MODIFY `nos__quantity_dwg` decimal(21,9) NOT NULL DEFAULT 0.0, MODIFY `rate` decimal(21,9) NOT NULL DEFAULT 0.0, MODIFY `amount` decimal(21,9) NOT NULL DEFAULT 0.0, MODIFY `drawing_no` decimal(21,9) NOT NULL DEFAULT 0.0, MODIFY `drawing_weight` decimal(21,9) NOT NULL DEFAULT 0.0
2024-11-23 10:19:04,303 WARNING database DDL Query made to DB:
ALTER TABLE `tabProject` MODIFY `metric_tons_value` decimal(21,9) NOT NULL DEFAULT 0.0, MODIFY `po_quantity` decimal(21,9) NOT NULL DEFAULT 0.0, MODIFY `po_rate` decimal(21,9) NOT NULL DEFAULT 0.0, MODIFY `po_no` decimal(21,9) NOT NULL DEFAULT 0.0, MODIFY `amount_sum` decimal(21,9) NOT NULL DEFAULT 0.0, MODIFY `karod_value` decimal(21,9) NOT NULL DEFAULT 0.0, MODIFY `total_sum` decimal(21,9) NOT NULL DEFAULT 0.0
2024-11-23 10:46:30,105 WARNING database DDL Query made to DB:
alter table `tabDocType` add column if not exists migration_hash varchar(140)
2024-11-23 10:46:33,015 WARNING database DDL Query made to DB:
ALTER TABLE `tabProject` MODIFY `metric_tons_value` decimal(21,9) NOT NULL DEFAULT 0.0, MODIFY `karod_value` decimal(21,9) NOT NULL DEFAULT 0.0, MODIFY `total_sum` decimal(21,9) NOT NULL DEFAULT 0.0, MODIFY `po_no` decimal(21,9) NOT NULL DEFAULT 0.0, MODIFY `po_rate` decimal(21,9) NOT NULL DEFAULT 0.0, MODIFY `po_quantity` decimal(21,9) NOT NULL DEFAULT 0.0, MODIFY `amount_sum` decimal(21,9) NOT NULL DEFAULT 0.0
2024-11-23 10:46:33,293 WARNING database DDL Query made to DB:
ALTER TABLE `tabProject Drawing table` MODIFY `total` decimal(21,9) NOT NULL DEFAULT 0.0, MODIFY `nos__quantity_dwg` decimal(21,9) NOT NULL DEFAULT 0.0, MODIFY `drawing_no` decimal(21,9) NOT NULL DEFAULT 0.0, MODIFY `amount` decimal(21,9) NOT NULL DEFAULT 0.0, MODIFY `drawing_weight` decimal(21,9) NOT NULL DEFAULT 0.0, MODIFY `rate` decimal(21,9) NOT NULL DEFAULT 0.0
2024-11-23 10:56:28,015 WARNING database DDL Query made to DB:
alter table `tabProject Contact table` add column if not exists parent varchar(140)
2024-11-23 10:56:28,017 WARNING database DDL Query made to DB:
alter table `tabProject Contact table` add column if not exists parenttype varchar(140)
2024-11-23 10:56:28,018 WARNING database DDL Query made to DB:
alter table `tabProject Contact table` add column if not exists parentfield varchar(140)
2024-11-23 10:57:50,003 WARNING database DDL Query made to DB:
alter table `tabDocType` add column if not exists migration_hash varchar(140)
2024-11-23 11:08:32,886 WARNING database DDL Query made to DB:
alter table `tabProject Contact table` add column if not exists parent varchar(140)
2024-11-23 11:08:32,888 WARNING database DDL Query made to DB:
alter table `tabProject Contact table` add column if not exists parenttype varchar(140)
2024-11-23 11:08:32,891 WARNING database DDL Query made to DB:
alter table `tabProject Contact table` add column if not exists parentfield varchar(140)
2024-11-23 11:09:56,364 WARNING database DDL Query made to DB:
alter table `tabDocType` add column if not exists migration_hash varchar(140)
2024-11-23 11:17:19,732 WARNING database DDL Query made to DB:
ALTER TABLE `tabProject` MODIFY `po_quantity` decimal(21,9) NOT NULL DEFAULT 0.0, MODIFY `karod_value` decimal(21,9) NOT NULL DEFAULT 0.0, MODIFY `po_rate` decimal(21,9) NOT NULL DEFAULT 0.0, MODIFY `total_sum` decimal(21,9) NOT NULL DEFAULT 0.0, MODIFY `po_no` decimal(21,9) NOT NULL DEFAULT 0.0, MODIFY `amount_sum` decimal(21,9) NOT NULL DEFAULT 0.0, MODIFY `metric_tons_value` decimal(21,9) NOT NULL DEFAULT 0.0
2024-11-23 11:17:20,091 WARNING database DDL Query made to DB:
RENAME TABLE `tabProject Contact table` TO `tabProject Contact table or Contact Person`
2024-11-23 11:18:00,964 WARNING database DDL Query made to DB:
alter table `tabDocType` add column if not exists migration_hash varchar(140)
2024-11-23 11:18:03,943 WARNING database DDL Query made to DB:
ALTER TABLE `tabProject` MODIFY `po_quantity` decimal(21,9) NOT NULL DEFAULT 0.0, MODIFY `amount_sum` decimal(21,9) NOT NULL DEFAULT 0.0, MODIFY `karod_value` decimal(21,9) NOT NULL DEFAULT 0.0, MODIFY `total_sum` decimal(21,9) NOT NULL DEFAULT 0.0, MODIFY `po_no` decimal(21,9) NOT NULL DEFAULT 0.0, MODIFY `po_rate` decimal(21,9) NOT NULL DEFAULT 0.0, MODIFY `metric_tons_value` decimal(21,9) NOT NULL DEFAULT 0.0
2024-11-23 11:19:08,111 WARNING database DDL Query made to DB:
ALTER TABLE `tabProject` MODIFY `po_no` decimal(21,9) NOT NULL DEFAULT 0.0, MODIFY `metric_tons_value` decimal(21,9) NOT NULL DEFAULT 0.0, MODIFY `amount_sum` decimal(21,9) NOT NULL DEFAULT 0.0, MODIFY `karod_value` decimal(21,9) NOT NULL DEFAULT 0.0, MODIFY `po_rate` decimal(21,9) NOT NULL DEFAULT 0.0, MODIFY `total_sum` decimal(21,9) NOT NULL DEFAULT 0.0, MODIFY `po_quantity` decimal(21,9) NOT NULL DEFAULT 0.0
2024-11-23 11:26:34,342 WARNING database DDL Query made to DB:
alter table `tabDocType` add column if not exists migration_hash varchar(140)
2024-11-23 11:26:38,407 WARNING database DDL Query made to DB:
ALTER TABLE `tabProject` MODIFY `po_quantity` decimal(21,9) NOT NULL DEFAULT 0.0, MODIFY `po_rate` decimal(21,9) NOT NULL DEFAULT 0.0, MODIFY `amount_sum` decimal(21,9) NOT NULL DEFAULT 0.0, MODIFY `total_sum` decimal(21,9) NOT NULL DEFAULT 0.0, MODIFY `metric_tons_value` decimal(21,9) NOT NULL DEFAULT 0.0, MODIFY `karod_value` decimal(21,9) NOT NULL DEFAULT 0.0, MODIFY `po_no` decimal(21,9) NOT NULL DEFAULT 0.0
2024-11-23 12:15:57,755 WARNING database DDL Query made to DB:
alter table `tabDocType` add column if not exists migration_hash varchar(140)
2024-11-23 12:43:38,574 WARNING database DDL Query made to DB:
alter table `tabProject Drawing table` add column if not exists parent varchar(140)
2024-11-23 12:43:38,576 WARNING database DDL Query made to DB:
alter table `tabProject Drawing table` add column if not exists parenttype varchar(140)
2024-11-23 12:43:38,577 WARNING database DDL Query made to DB:
alter table `tabProject Drawing table` add column if not exists parentfield varchar(140)
2024-11-23 12:43:38,759 WARNING database DDL Query made to DB:
ALTER TABLE `tabProject Drawing table` MODIFY `drawing_no` varchar(140), MODIFY `rate` decimal(21,9) NOT NULL DEFAULT 0.0, MODIFY `nos__quantity_dwg` decimal(21,9) NOT NULL DEFAULT 0.0, MODIFY `amount` decimal(21,9) NOT NULL DEFAULT 0.0, MODIFY `total` decimal(21,9) NOT NULL DEFAULT 0.0, MODIFY `drawing_weight` decimal(21,9) NOT NULL DEFAULT 0.0
