2024-11-20 06:20:00,176 ERROR scheduler Skipped queueing frappe.model.utils.link_count.update_link_count because it was found in queue for fabrixcel.localhost
2024-11-20 06:20:00,183 ERROR scheduler Skipped queueing frappe.desk.form.document_follow.send_daily_updates because it was found in queue for fabrixcel.localhost
2024-11-20 06:20:00,197 ERROR scheduler Skipped queueing frappe.automation.doctype.auto_repeat.auto_repeat.make_auto_repeat_entry because it was found in queue for fabrixcel.localhost
2024-11-20 06:20:00,213 ERROR scheduler Skipped queueing frappe.desk.page.backups.backups.delete_downloadable_backups because it was found in queue for fabrixcel.localhost
2024-11-20 06:20:00,217 ERROR scheduler Skipped queueing frappe.oauth.delete_oauth2_data because it was found in queue for fabrixcel.localhost
2024-11-20 06:20:00,222 ERROR scheduler Skipped queueing frappe.core.doctype.log_settings.log_settings.run_log_clean_up because it was found in queue for fabrixcel.localhost
2024-11-20 06:20:00,230 ERROR scheduler Skipped queueing frappe.utils.global_search.sync_global_search because it was found in queue for fabrixcel.localhost
2024-11-20 06:20:00,235 ERROR scheduler Skipped queueing frappe.model.utils.user_settings.sync_user_settings because it was found in queue for fabrixcel.localhost
2024-11-20 06:20:00,245 ERROR scheduler Skipped queueing frappe.website.doctype.personal_data_deletion_request.personal_data_deletion_request.process_data_deletion_request because it was found in queue for fabrixcel.localhost
2024-11-20 06:20:00,260 ERROR scheduler Skipped queueing frappe.email.queue.flush because it was found in queue for fabrixcel.localhost
2024-11-20 06:20:00,266 ERROR scheduler Skipped queueing frappe.integrations.doctype.google_drive.google_drive.daily_backup because it was found in queue for fabrixcel.localhost
2024-11-20 06:20:00,276 ERROR scheduler Skipped queueing frappe.social.doctype.energy_point_settings.energy_point_settings.allocate_review_points because it was found in queue for fabrixcel.localhost
2024-11-20 06:20:00,282 ERROR scheduler Skipped queueing frappe.sessions.clear_expired_sessions because it was found in queue for fabrixcel.localhost
2024-11-20 06:20:00,288 ERROR scheduler Skipped queueing frappe.website.doctype.personal_data_deletion_request.personal_data_deletion_request.remove_unverified_record because it was found in queue for fabrixcel.localhost
2024-11-20 06:20:00,296 ERROR scheduler Skipped queueing frappe.desk.doctype.event.event.send_event_digest because it was found in queue for fabrixcel.localhost
2024-11-20 06:20:00,304 ERROR scheduler Skipped queueing frappe.email.doctype.email_account.email_account.pull because it was found in queue for fabrixcel.localhost
2024-11-20 06:20:00,315 ERROR scheduler Skipped queueing frappe.integrations.doctype.dropbox_settings.dropbox_settings.take_backups_daily because it was found in queue for fabrixcel.localhost
2024-11-20 06:20:00,320 ERROR scheduler Skipped queueing frappe.integrations.doctype.google_calendar.google_calendar.sync because it was found in queue for fabrixcel.localhost
2024-11-20 06:20:00,324 ERROR scheduler Skipped queueing frappe.email.doctype.newsletter.newsletter.send_scheduled_email because it was found in queue for fabrixcel.localhost
2024-11-20 06:20:00,328 ERROR scheduler Skipped queueing frappe.desk.notifications.clear_notifications because it was found in queue for fabrixcel.localhost
2024-11-20 06:20:00,336 ERROR scheduler Skipped queueing frappe.desk.form.document_follow.send_hourly_updates because it was found in queue for fabrixcel.localhost
2024-11-20 06:20:00,345 ERROR scheduler Skipped queueing frappe.email.doctype.notification.notification.trigger_offset_alerts because it was found in queue for fabrixcel.localhost
2024-11-20 06:20:00,350 ERROR scheduler Skipped queueing frappe.integrations.doctype.google_contacts.google_contacts.sync because it was found in queue for fabrixcel.localhost
2024-11-20 06:20:00,354 ERROR scheduler Skipped queueing frappe.email.doctype.notification.notification.trigger_daily_alerts because it was found in queue for fabrixcel.localhost
2024-11-20 06:20:00,365 ERROR scheduler Skipped queueing frappe.website.doctype.web_page.web_page.check_publish_status because it was found in queue for fabrixcel.localhost
2024-11-20 06:20:00,375 ERROR scheduler Skipped queueing frappe.integrations.doctype.s3_backup_settings.s3_backup_settings.take_backups_daily because it was found in queue for fabrixcel.localhost
2024-11-20 06:20:00,381 ERROR scheduler Skipped queueing frappe.email.doctype.auto_email_report.auto_email_report.send_daily because it was found in queue for fabrixcel.localhost
2024-11-20 06:32:00,157 ERROR scheduler Skipped queueing frappe.integrations.doctype.google_calendar.google_calendar.sync because it was found in queue for fabrixcel.localhost
2024-11-20 06:32:00,171 ERROR scheduler Skipped queueing frappe.oauth.delete_oauth2_data because it was found in queue for fabrixcel.localhost
2024-11-20 06:32:00,205 ERROR scheduler Skipped queueing frappe.twofactor.delete_all_barcodes_for_users because it was found in queue for fabrixcel.localhost
2024-11-20 06:32:00,218 ERROR scheduler Skipped queueing frappe.email.doctype.newsletter.newsletter.send_scheduled_email because it was found in queue for fabrixcel.localhost
2024-11-20 06:32:00,236 ERROR scheduler Skipped queueing frappe.model.utils.user_settings.sync_user_settings because it was found in queue for fabrixcel.localhost
2024-11-20 06:32:00,257 ERROR scheduler Skipped queueing frappe.email.doctype.email_account.email_account.notify_unreplied because it was found in queue for fabrixcel.localhost
2024-11-20 06:32:00,310 ERROR scheduler Skipped queueing frappe.email.doctype.notification.notification.trigger_offset_alerts because it was found in queue for fabrixcel.localhost
2024-11-20 06:32:00,327 ERROR scheduler Skipped queueing frappe.email.queue.flush because it was found in queue for fabrixcel.localhost
2024-11-20 06:32:00,333 ERROR scheduler Skipped queueing frappe.website.doctype.web_page.web_page.check_publish_status because it was found in queue for fabrixcel.localhost
2024-11-20 06:32:00,357 ERROR scheduler Skipped queueing frappe.email.doctype.email_account.email_account.pull because it was found in queue for fabrixcel.localhost
2024-11-20 06:32:00,379 ERROR scheduler Skipped queueing frappe.model.utils.link_count.update_link_count because it was found in queue for fabrixcel.localhost
2024-11-20 06:32:00,413 ERROR scheduler Skipped queueing frappe.website.doctype.personal_data_deletion_request.personal_data_deletion_request.process_data_deletion_request because it was found in queue for fabrixcel.localhost
2024-11-20 06:32:00,421 ERROR scheduler Skipped queueing frappe.monitor.flush because it was found in queue for fabrixcel.localhost
2024-11-20 06:32:00,431 ERROR scheduler Skipped queueing frappe.desk.page.backups.backups.delete_downloadable_backups because it was found in queue for fabrixcel.localhost
2024-11-20 06:32:00,438 ERROR scheduler Skipped queueing frappe.utils.global_search.sync_global_search because it was found in queue for fabrixcel.localhost
2024-11-20 06:32:00,455 ERROR scheduler Skipped queueing frappe.desk.form.document_follow.send_hourly_updates because it was found in queue for fabrixcel.localhost
